<?xml version="1.0" encoding="UTF-8"?>
<testng-results ignored="0" total="2" passed="2" failed="0" skipped="0">
  <reporter-output>
  </reporter-output>
  <suite started-at="2022-10-27T01:52:55 PDT" name="Surefire suite" finished-at="2022-10-27T01:53:16 PDT" duration-ms="21052">
    <groups>
    </groups>
    <test started-at="2022-10-27T01:52:55 PDT" name="Surefire test" finished-at="2022-10-27T01:53:16 PDT" duration-ms="21052">
      <class name="com.AutomationTalks.demoProject1.TestClass1">
        <test-method is-config="true" signature="launchDriver()[pri:0, instance:com.AutomationTalks.demoProject1.TestClass1@6a03bcb1]" started-at="2022-10-27T01:52:55 PDT" name="launchDriver" finished-at="2022-10-27T01:52:57 PDT" duration-ms="1537" status="PASS">
          <reporter-output>
          </reporter-output>
        </test-method> <!-- launchDriver -->
        <test-method signature="Test1()[pri:0, instance:com.AutomationTalks.demoProject1.TestClass1@6a03bcb1]" started-at="2022-10-27T01:52:57 PDT" name="Test1" finished-at="2022-10-27T01:53:12 PDT" duration-ms="15509" status="PASS">
          <reporter-output>
          </reporter-output>
        </test-method> <!-- Test1 -->
        <test-method is-config="true" signature="quit()[pri:0, instance:com.AutomationTalks.demoProject1.TestClass1@6a03bcb1]" started-at="2022-10-27T01:53:12 PDT" name="quit" finished-at="2022-10-27T01:53:13 PDT" duration-ms="496" status="PASS">
          <reporter-output>
          </reporter-output>
        </test-method> <!-- quit -->
        <test-method is-config="true" signature="launchDriver()[pri:0, instance:com.AutomationTalks.demoProject1.TestClass1@6a03bcb1]" started-at="2022-10-27T01:53:13 PDT" name="launchDriver" finished-at="2022-10-27T01:53:14 PDT" duration-ms="794" status="PASS">
          <reporter-output>
          </reporter-output>
        </test-method> <!-- launchDriver -->
        <test-method signature="Test2()[pri:0, instance:com.AutomationTalks.demoProject1.TestClass1@6a03bcb1]" started-at="2022-10-27T01:53:14 PDT" name="Test2" finished-at="2022-10-27T01:53:16 PDT" duration-ms="2371" status="PASS">
          <reporter-output>
          </reporter-output>
        </test-method> <!-- Test2 -->
        <test-method is-config="true" signature="quit()[pri:0, instance:com.AutomationTalks.demoProject1.TestClass1@6a03bcb1]" started-at="2022-10-27T01:53:16 PDT" name="quit" finished-at="2022-10-27T01:53:16 PDT" duration-ms="314" status="PASS">
          <reporter-output>
          </reporter-output>
        </test-method> <!-- quit -->
      </class> <!-- com.AutomationTalks.demoProject1.TestClass1 -->
    </test> <!-- Surefire test -->
  </suite> <!-- Surefire suite -->
</testng-results>
