<?xml version="1.0" encoding="UTF-8"?>
<testng-results ignored="0" total="2" passed="2" failed="0" skipped="0">
  <reporter-output>
  </reporter-output>
  <suite started-at="2022-10-27T01:48:40 PDT" name="Suite" finished-at="2022-10-27T01:49:13 PDT" duration-ms="33056">
    <groups>
    </groups>
    <test started-at="2022-10-27T01:48:40 PDT" name="Test" finished-at="2022-10-27T01:49:13 PDT" duration-ms="33056">
      <class name="com.AutomationTalks.demoProject1.TestClass1">
        <test-method is-config="true" signature="launchDriver()[pri:0, instance:com.AutomationTalks.demoProject1.TestClass1@662b4c69]" started-at="2022-10-27T01:48:40 PDT" name="launchDriver" finished-at="2022-10-27T01:48:42 PDT" duration-ms="1627" status="PASS">
          <reporter-output>
          </reporter-output>
        </test-method> <!-- launchDriver -->
        <test-method signature="Test1()[pri:0, instance:com.AutomationTalks.demoProject1.TestClass1@662b4c69]" started-at="2022-10-27T01:48:42 PDT" name="Test1" finished-at="2022-10-27T01:49:07 PDT" duration-ms="25848" status="PASS">
          <reporter-output>
          </reporter-output>
        </test-method> <!-- Test1 -->
        <test-method is-config="true" signature="quit()[pri:0, instance:com.AutomationTalks.demoProject1.TestClass1@662b4c69]" started-at="2022-10-27T01:49:07 PDT" name="quit" finished-at="2022-10-27T01:49:08 PDT" duration-ms="450" status="PASS">
          <reporter-output>
          </reporter-output>
        </test-method> <!-- quit -->
        <test-method is-config="true" signature="launchDriver()[pri:0, instance:com.AutomationTalks.demoProject1.TestClass1@662b4c69]" started-at="2022-10-27T01:49:08 PDT" name="launchDriver" finished-at="2022-10-27T01:49:09 PDT" duration-ms="827" status="PASS">
          <reporter-output>
          </reporter-output>
        </test-method> <!-- launchDriver -->
        <test-method signature="Test2()[pri:0, instance:com.AutomationTalks.demoProject1.TestClass1@662b4c69]" started-at="2022-10-27T01:49:09 PDT" name="Test2" finished-at="2022-10-27T01:49:13 PDT" duration-ms="3934" status="PASS">
          <reporter-output>
          </reporter-output>
        </test-method> <!-- Test2 -->
        <test-method is-config="true" signature="quit()[pri:0, instance:com.AutomationTalks.demoProject1.TestClass1@662b4c69]" started-at="2022-10-27T01:49:13 PDT" name="quit" finished-at="2022-10-27T01:49:13 PDT" duration-ms="349" status="PASS">
          <reporter-output>
          </reporter-output>
        </test-method> <!-- quit -->
      </class> <!-- com.AutomationTalks.demoProject1.TestClass1 -->
    </test> <!-- Test -->
  </suite> <!-- Suite -->
</testng-results>
